<?xml version="1.0" encoding="UTF-8"?>
<testsuite xmlns:xsi="http://www.w3.org/2001/XMLSchema-instance" xsi:schemaLocation="https://maven.apache.org/surefire/maven-surefire-plugin/xsd/surefire-test-report.xsd" name="DVDLib.dao.DVDLibFileDaoImplTest" time="0.2" tests="4" errors="0" skipped="0" failures="0">
  <properties>
[...]
</properties>
  <testcase name="testAddGetDVD" classname="DVDLib.dao.DVDLibFileDaoImplTest" time="0.058"/>
  <testcase name="testRemoveDVDs" classname="DVDLib.dao.DVDLibFileDaoImplTest" time="0.068"/>
  <testcase name="testEditDVD" classname="DVDLib.dao.DVDLibFileDaoImplTest" time="0.033"/>
  <testcase name="testAddGetAllDVDs" classname="DVDLib.dao.DVDLibFileDaoImplTest" time="0.036"/>
</testsuite>